<?xml version="1.0" encoding="UTF-8"?>
<testsuite name="censusanalyser.CensusAnalyserTest" tests="11" skipped="0" failures="0" errors="0" timestamp="2019-12-10T12:28:04" hostname="FH400" time="0.897">
  <properties/>
  <testcase name="givenIndianStateCensusData_whenSortedByState_ShouldReturnTrue" classname="censusanalyser.CensusAnalyserTest" time="0.355"/>
  <testcase name="givenIncorrectDelimiterInIndiaCensusData_ShouldThrowException" classname="censusanalyser.CensusAnalyserTest" time="0.118"/>
  <testcase name="givenIndianCensusCSVFileReturnsCorrectRecords" classname="censusanalyser.CensusAnalyserTest" time="0.081"/>
  <testcase name="givenIndianStateCodeCSV_returnExactCount" classname="censusanalyser.CensusAnalyserTest" time="0.124"/>
  <testcase name="givenIndianStateCensusData_whenSortedByHighestDensity_ShouldReturnTrue" classname="censusanalyser.CensusAnalyserTest" time="0.051"/>
  <testcase name="givenEmptyCsvFile_ShouldThrowException" classname="censusanalyser.CensusAnalyserTest" time="0.025"/>
  <testcase name="givenIncorrectHeaderInIndiaCensusData_ShouldThrowException" classname="censusanalyser.CensusAnalyserTest" time="0.038"/>
  <testcase name="givenIndiaCensusData_WithWrongFile_ShouldThrowException" classname="censusanalyser.CensusAnalyserTest" time="0.015"/>
  <testcase name="givenIndianStateCensusData_whenSortedByHighestAreaInSqKm_ShouldReturnTrue" classname="censusanalyser.CensusAnalyserTest" time="0.032"/>
  <testcase name="givenIndiaCensusData_WithCorrectFileButWrongExtension_ShouldThrowException" classname="censusanalyser.CensusAnalyserTest" time="0.0"/>
  <testcase name="givenIndianStateCensusData_whenSortedByPopulation_ShouldReturnTrue" classname="censusanalyser.CensusAnalyserTest" time="0.041"/>
  <system-out><![CDATA[]]></system-out>
  <system-err><![CDATA[]]></system-err>
</testsuite>
